<?xml version="1.0" encoding="UTF-8"?>
<!-- Generated by org.testng.reporters.JUnitReportReporter -->
<testsuite skipped="0" hostname="CPX-85J1I2YMCLF" name="training.Zero.To.Hero.Selenium.Find_Broken_Links" tests="1" failures="0" timestamp="15 kesÃ¤kuuta 2018 12:26:45 GMT" time="51.767" errors="0">
  <testcase name="Verify_Links" time="51.767" classname="training.Zero.To.Hero.Selenium.Find_Broken_Links"/>
</testsuite> <!-- training.Zero.To.Hero.Selenium.Find_Broken_Links -->
