<?xml version="1.0" encoding="UTF-8"?>
<!-- Generated by org.testng.reporters.JUnitReportReporter -->
<testsuite skipped="0" hostname="CPX-85J1I2YMCLF" name="training.Zero.To.Hero.Selenium.Is_Element_Selected" tests="1" failures="0" timestamp="18 kesÃ¤kuuta 2018 06:24:33 GMT" time="0.144" errors="0">
  <testcase name="verifyCreateAccountText" time="0.144" classname="training.Zero.To.Hero.Selenium.Is_Element_Selected"/>
</testsuite> <!-- training.Zero.To.Hero.Selenium.Is_Element_Selected -->
