<?xml version="1.0" encoding="UTF-8"?>
<!-- Generated by org.testng.reporters.JUnitReportReporter -->
<testsuite skipped="0" hostname="CPX-85J1I2YMCLF" name="training.Zero.To.Hero.Selenium.Verify_Title" tests="1" failures="0" timestamp="14 kesÃ¤kuuta 2018 09:31:21 GMT" time="9.176" errors="0">
  <testcase name="Verify" time="9.176" classname="training.Zero.To.Hero.Selenium.Verify_Title"/>
</testsuite> <!-- training.Zero.To.Hero.Selenium.Verify_Title -->
