<?xml version="1.0" encoding="UTF-8"?>
<!-- Generated by org.testng.reporters.JUnitReportReporter -->
<testsuite skipped="0" hostname="CPX-85J1I2YMCLF" name="training.Zero.To.Hero.Selenium.Right_Click_Example" tests="1" failures="0" timestamp="19 kesÃ¤kuuta 2018 07:05:23 GMT" time="11.154" errors="0">
  <testcase name="performRightClick" time="11.154" classname="training.Zero.To.Hero.Selenium.Right_Click_Example"/>
</testsuite> <!-- training.Zero.To.Hero.Selenium.Right_Click_Example -->
