<?xml version="1.0" encoding="UTF-8"?>
<!-- Generated by org.testng.reporters.JUnitReportReporter -->
<testsuite skipped="0" hostname="CPX-85J1I2YMCLF" name="training.Zero.To.Hero.Selenium.Verify_Title" tests="1" failures="0" timestamp="14 kesÃ¤kuuta 2018 10:58:04 GMT" time="21.536" errors="0">
  <testcase name="Verify" time="21.536" classname="training.Zero.To.Hero.Selenium.Verify_Title"/>
</testsuite> <!-- training.Zero.To.Hero.Selenium.Verify_Title -->
