<?xml version="1.0" encoding="UTF-8"?>
<!-- Generated by org.testng.reporters.JUnitReportReporter -->
<testsuite skipped="0" hostname="CPX-85J1I2YMCLF" name="training.Zero.To.Hero.Selenium.Explicit_Wait_Example" tests="1" failures="0" timestamp="18 kesÃ¤kuuta 2018 10:08:16 GMT" time="6.835" errors="0">
  <testcase name="verifySampleTest" time="6.835" classname="training.Zero.To.Hero.Selenium.Explicit_Wait_Example"/>
</testsuite> <!-- training.Zero.To.Hero.Selenium.Explicit_Wait_Example -->
