<?xml version="1.0" encoding="UTF-8"?>
<!-- Generated by org.testng.reporters.JUnitReportReporter -->
<testsuite skipped="0" hostname="CPX-85J1I2YMCLF" name="training.Zero.To.Hero.Selenium.Find_Broken_Links" tests="1" failures="0" timestamp="18 kesÃ¤kuuta 2018 08:46:55 GMT" time="24.624" errors="0">
  <testcase name="Verify_Links" time="24.624" classname="training.Zero.To.Hero.Selenium.Find_Broken_Links"/>
</testsuite> <!-- training.Zero.To.Hero.Selenium.Find_Broken_Links -->
